<?xml version="1.0" encoding="UTF-8"?>
<!-- Generated by org.testng.reporters.JUnitReportReporter -->
<testsuite hostname="LAPTOP-TPFSN6P1" failures="0" tests="1" name="Day_028_WebTable_Examples.TC01_Add_Nationalities" time="33.528" errors="0" timestamp="2021-09-29T14:13:13 IST" skipped="0">
  <testcase classname="Day_028_WebTable_Examples.TC01_Add_Nationalities" name="TC01_Nationality" time="33.528"/>
  <system-out/>
</testsuite> <!-- Day_028_WebTable_Examples.TC01_Add_Nationalities -->
