<?xml version="1.0" encoding="UTF-8"?>
<!-- Generated by org.testng.reporters.JUnitReportReporter -->
<testsuite hostname="LAPTOP-TPFSN6P1" failures="0" tests="1" name="Day_010_Custimize_EmailableReport_Lab1.TC01_Test" time="10.961" errors="0" timestamp="2021-09-27T12:37:17 IST" skipped="0">
  <testcase classname="Day_010_Custimize_EmailableReport_Lab1.TC01_Test" name="TC01_Report_Test" time="10.961"/>
  <system-out>
    <![CDATA[<table> <tr >  <img   style="border:1px solid black;"      src="C:\HTML Report\HtmlTemplates\Logo.JPEG"></tr><tr   ><center><font color="red"  size="15" >TC01_Login</font></center></tr><tr bgcolor="#9370DB"> <th width="100px"> <center><font color="white"  size="4" >Steps</font></center><font color="white"  size="4" ></font></center> </th> <th width="450px" ><center><font color="white"  size="4" >Details </font> </center></th> <th width="100px" ><center><font color="white"  size="4" >Status</font></center></th>  <th  width="250px"  ><center><font color="white"  size="4" >Screen Shots</font></center></th> <th width="250px"  ><center><font color="white"  size="4" >Date & Time</font></center></th>  </tr>       
 <tr bgcolor="#eee"> <th width="100px"> <center>Step&nbsp;1</center> </th> <th width="450px" ><center><b><font color='black'>   Opened Orange HRM</b> </font></center></th> <th width="100px" ><center><img src='file:///C:\HTML Report\HtmlTemplates\passed.ico'    +     "width="30" + height="30"></img></center></th>  <th  width="250px"  ><center><a href=C:/HTML Report/test-output/TempScreenShots/TC01_Login_2021_Sep_27_12_37_10_143_PM/27_Sep_2021 12_37_13_141 PM.png target="popup" onclick="window.open('C:/HTML Report/test-output/TempScreenShots/TC01_Login_2021_Sep_27_12_37_10_143_PM/27_Sep_2021 12_37_13_141 PM.png','popup','width=600,height=600'); return false;"> ScreenShot</a> </center></th> <th width="250px"  ><center>2021_Sep_27_12_37_13_336_PM</center></th>  </tr>      
 <tr bgcolor="#ddd"> <th width="100px"> <center>Step&nbsp;2</center> </th> <th width="450px" ><center><b><font color='black'>   Username Entered</b> </font></center></th> <th width="100px" ><center><img src='file:///C:\HTML Report\HtmlTemplates\passed.ico'    +     "width="30" + height="30"></img></center></th>  <th  width="250px"  ><center><a href=C:/HTML Report/test-output/TempScreenShots/TC01_Login_2021_Sep_27_12_37_10_143_PM/27_Sep_2021 12_37_13_434 PM.png target="popup" onclick="window.open('C:/HTML Report/test-output/TempScreenShots/TC01_Login_2021_Sep_27_12_37_10_143_PM/27_Sep_2021 12_37_13_434 PM.png','popup','width=600,height=600'); return false;"> ScreenShot</a> </center></th> <th width="250px"  ><center>2021_Sep_27_12_37_13_590_PM</center></th>  </tr>      
 <tr bgcolor="#eee"> <th width="100px"> <center>Step&nbsp;3</center> </th> <th width="450px" ><center><b><font color='black'>   Password Entered</b> </font></center></th> <th width="100px" ><center><img src='file:///C:\HTML Report\HtmlTemplates\passed.ico'    +     "width="30" + height="30"></img></center></th>  <th  width="250px"  ><center><a href=C:/HTML Report/test-output/TempScreenShots/TC01_Login_2021_Sep_27_12_37_10_143_PM/27_Sep_2021 12_37_13_671 PM.png target="popup" onclick="window.open('C:/HTML Report/test-output/TempScreenShots/TC01_Login_2021_Sep_27_12_37_10_143_PM/27_Sep_2021 12_37_13_671 PM.png','popup','width=600,height=600'); return false;"> ScreenShot</a> </center></th> <th width="250px"  ><center>2021_Sep_27_12_37_13_826_PM</center></th>  </tr>      
 <tr bgcolor="#ddd"> <th width="100px"> <center>Step&nbsp;4</center> </th> <th width="450px" ><center><b><font color='black'>   Clicked on Signin</b> </font></center></th> <th width="100px" ><center><img src='file:///C:\HTML Report\HtmlTemplates\failed.ico'    +     "width="30" + height="30"></img></center></th>  <th  width="250px"  ><center><a href=C:/HTML Report/test-output/TempScreenShots/TC01_Login_2021_Sep_27_12_37_10_143_PM/27_Sep_2021 12_37_17_432 PM.png target="popup" onclick="window.open('C:/HTML Report/test-output/TempScreenShots/TC01_Login_2021_Sep_27_12_37_10_143_PM/27_Sep_2021 12_37_17_432 PM.png','popup','width=600,height=600'); return false;"> ScreenShot</a> </center></th> <th width="250px"  ><center>2021_Sep_27_12_37_17_568_PM</center></th>  </tr>      ]]>
  </system-out>
</testsuite> <!-- Day_010_Custimize_EmailableReport_Lab1.TC01_Test -->
