<?xml version="1.0" encoding="UTF-8"?>
<!-- Generated by org.testng.reporters.JUnitReportReporter -->
<testsuite hostname="LAPTOP-TPFSN6P1" failures="0" tests="1" name="Day_015_ParallelTests.OrangeHRMTest" time="5.389" errors="0" timestamp="2021-09-13T17:29:14 IST" skipped="0">
  <testcase classname="Day_015_ParallelTests.OrangeHRMTest" name="Open_OrangeHRM" time="5.389"/>
  <system-out/>
</testsuite> <!-- Day_015_ParallelTests.OrangeHRMTest -->
