<?xml version="1.0" encoding="UTF-8"?>
<!-- Generated by org.testng.reporters.JUnitReportReporter -->
<testsuite hostname="LAPTOP-TPFSN6P1" failures="0" tests="1" name="Day_004_Dropdown.Listbox4" time="12.062" errors="0" timestamp="2021-09-23T21:36:44 IST" skipped="0">
  <testcase classname="Day_004_Dropdown.Listbox4" name="dropdown" time="12.062"/>
  <system-out/>
</testsuite> <!-- Day_004_Dropdown.Listbox4 -->
