<?xml version="1.0" encoding="UTF-8"?>
<!-- Generated by org.testng.reporters.JUnitReportReporter -->
<testsuite hostname="LAPTOP-TPFSN6P1" failures="0" tests="3" name="Day_006_TestNG_DataProvider_Lab2.OrangeHRM_DataProvider_Lab1" time="51.107" errors="0" timestamp="2021-09-23T21:45:03 IST" skipped="0">
  <testcase classname="Day_006_TestNG_DataProvider_Lab2.OrangeHRM_DataProvider_Lab1" name="Test1" time="17.523"/>
  <system-out/>
  <testcase classname="Day_006_TestNG_DataProvider_Lab2.OrangeHRM_DataProvider_Lab1" name="Test1" time="16.975"/>
  <system-out/>
  <testcase classname="Day_006_TestNG_DataProvider_Lab2.OrangeHRM_DataProvider_Lab1" name="Test1" time="16.609"/>
  <system-out/>
</testsuite> <!-- Day_006_TestNG_DataProvider_Lab2.OrangeHRM_DataProvider_Lab1 -->
