<?xml version="1.0" encoding="UTF-8"?>
<!-- Generated by org.testng.reporters.JUnitReportReporter -->
<testsuite hostname="LAPTOP-TPFSN6P1" failures="0" tests="2" name="Day_005_TestNG_DataProvider_Lab1.OrangeHRM_DataProvider_Lab1" time="32.660" errors="0" timestamp="2021-09-23T21:41:57 IST" skipped="0">
  <testcase classname="Day_005_TestNG_DataProvider_Lab1.OrangeHRM_DataProvider_Lab1" name="Test1" time="15.532"/>
  <system-out/>
  <testcase classname="Day_005_TestNG_DataProvider_Lab1.OrangeHRM_DataProvider_Lab1" name="Test1" time="17.128"/>
  <system-out/>
</testsuite> <!-- Day_005_TestNG_DataProvider_Lab1.OrangeHRM_DataProvider_Lab1 -->
