<?xml version="1.0" encoding="UTF-8"?>
<!-- Generated by org.testng.reporters.JUnitReportReporter -->
<testsuite hostname="LAPTOP-TPFSN6P1" failures="0" tests="1" name="Day_003_Locators.NewTest_tag" time="8.855" errors="0" timestamp="2021-09-22T18:26:12 IST" skipped="0">
  <testcase classname="Day_003_Locators.NewTest_tag" name="tag" time="8.855"/>
  <system-out/>
</testsuite> <!-- Day_003_Locators.NewTest_tag -->
