<?xml version="1.0" encoding="UTF-8"?>
<!-- Generated by org.testng.reporters.JUnitReportReporter -->
<testsuite hostname="LAPTOP-TPFSN6P1" failures="0" tests="1" name="ABC_Demo5.TC01_Login" time="12.193" errors="0" timestamp="2021-09-08T15:14:54 IST" skipped="0">
  <testcase classname="ABC_Demo5.TC01_Login" name="loginTest" time="12.193"/>
  <system-out/>
</testsuite> <!-- ABC_Demo5.TC01_Login -->
