<?xml version="1.0" encoding="UTF-8"?>
<!-- Generated by org.testng.reporters.JUnitReportReporter -->
<testsuite hostname="LAPTOP-TPFSN6P1" failures="0" tests="1" name="Day_002_Java.NewTest_Non3" time="6.741" errors="0" timestamp="2021-09-17T19:54:03 IST" skipped="0">
  <testcase classname="Day_002_Java.NewTest_Non3" name="Testmethods" time="6.741"/>
  <system-out/>
</testsuite> <!-- Day_002_Java.NewTest_Non3 -->
