<?xml version="1.0" encoding="UTF-8"?>
<!-- Generated by org.testng.reporters.JUnitReportReporter -->
<testsuite hostname="LAPTOP-TPFSN6P1" failures="0" tests="1" name="Day_009_Extent_Reports.ExtentReport_Test" time="8.370" errors="0" timestamp="2021-09-16T21:43:08 IST" skipped="0">
  <testcase classname="Day_009_Extent_Reports.ExtentReport_Test" name="Report3_Test" time="8.370"/>
  <system-out/>
</testsuite> <!-- Day_009_Extent_Reports.ExtentReport_Test -->
