<?xml version="1.0" encoding="UTF-8"?>
<!-- Generated by org.testng.reporters.JUnitReportReporter -->
<testsuite hostname="LAPTOP-TPFSN6P1" failures="0" tests="1" name="Day_43_Smart_Search.TC015_ToolTip" time="12.434" errors="0" timestamp="2021-09-29T14:12:17 IST" skipped="0">
  <testcase classname="Day_43_Smart_Search.TC015_ToolTip" name="Test1" time="12.434"/>
  <system-out/>
</testsuite> <!-- Day_43_Smart_Search.TC015_ToolTip -->
