<?xml version="1.0" encoding="UTF-8"?>
<!-- Generated by org.testng.reporters.JUnitReportReporter -->
<testsuite hostname="LAPTOP-TPFSN6P1" failures="0" tests="1" name="Day_003_Locators.TC03_xpath" time="11.588" errors="0" timestamp="2021-09-12T11:23:01 IST" skipped="0">
  <testcase classname="Day_003_Locators.TC03_xpath" name="Test2" time="11.588"/>
  <system-out/>
</testsuite> <!-- Day_003_Locators.TC03_xpath -->
