<?xml version="1.0" encoding="UTF-8"?>
<!-- Generated by org.testng.reporters.JUnitReportReporter -->
<testsuite hostname="LAPTOP-TPFSN6P1" failures="0" tests="1" name="Day_36_Desired_Capabilities.IEtestforDesiredCapabilities" time="23.114" errors="0" timestamp="2021-10-04T20:58:39 IST" skipped="0">
  <testcase classname="Day_36_Desired_Capabilities.IEtestforDesiredCapabilities" name="Open_OrangeHRM" time="23.114"/>
  <system-out/>
</testsuite> <!-- Day_36_Desired_Capabilities.IEtestforDesiredCapabilities -->
